<?xml version="1.0" encoding="UTF-8"?>
<testng-results ignored="0" total="3" passed="3" failed="0" skipped="0">
  <reporter-output>
    <line>
      <![CDATA[createCustomer]]>
    </line>
    <line>
      <![CDATA[deleteCustomer]]>
    </line>
    <line>
      <![CDATA[modifyCustomer]]>
    </line>
  </reporter-output>
  <suite started-at="2023-12-17T13:12:24 IST" name="Suite" finished-at="2023-12-17T13:12:24 IST" duration-ms="67">
    <groups>
    </groups>
    <test started-at="2023-12-17T13:12:24 IST" name="Test" finished-at="2023-12-17T13:12:24 IST" duration-ms="67">
      <class name="com.zohocrm.testscript.CustomerModule">
        <test-method signature="createCustomer()[pri:0, instance:com.zohocrm.testscript.CustomerModule@595b007d]" started-at="2023-12-17T13:12:24 IST" name="createCustomer" finished-at="2023-12-17T13:12:24 IST" duration-ms="16" status="PASS">
          <reporter-output>
            <line>
              <![CDATA[createCustomer]]>
            </line>
          </reporter-output>
        </test-method> <!-- createCustomer -->
        <test-method signature="deleteCustomer()[pri:0, instance:com.zohocrm.testscript.CustomerModule@595b007d]" started-at="2023-12-17T13:12:24 IST" name="deleteCustomer" finished-at="2023-12-17T13:12:24 IST" duration-ms="1" status="PASS">
          <reporter-output>
            <line>
              <![CDATA[deleteCustomer]]>
            </line>
          </reporter-output>
        </test-method> <!-- deleteCustomer -->
        <test-method signature="modifyCustomer()[pri:0, instance:com.zohocrm.testscript.CustomerModule@595b007d]" started-at="2023-12-17T13:12:24 IST" name="modifyCustomer" finished-at="2023-12-17T13:12:24 IST" duration-ms="2" status="PASS">
          <reporter-output>
            <line>
              <![CDATA[modifyCustomer]]>
            </line>
          </reporter-output>
        </test-method> <!-- modifyCustomer -->
      </class> <!-- com.zohocrm.testscript.CustomerModule -->
    </test> <!-- Test -->
  </suite> <!-- Suite -->
</testng-results>
