<?xml version="1.0" encoding="UTF-8"?>
<!-- Generated by org.testng.reporters.JUnitXMLReporter -->
<testsuite ignored="0" hostname="LAPTOP-0T7QINT9" failures="0" tests="3" name="Test" time="0.067" errors="0" timestamp="2023-12-17T13:12:24 IST">
  <testcase classname="com.zohocrm.testscript.CustomerModule" name="createCustomer" time="0.016"/>
  <testcase classname="com.zohocrm.testscript.CustomerModule" name="deleteCustomer" time="0.001"/>
  <testcase classname="com.zohocrm.testscript.CustomerModule" name="modifyCustomer" time="0.002"/>
</testsuite> <!-- Test -->
